build/app/intermediates/manifest_merge_blame_file/debug/manifest-merger-blame-debug-report.txt
1<?xml version="1.0" encoding="utf-8"?>
2<manifest xmlns:android="http://schemas.android.com/apk/res/android"
3    package="com.example.student_market_app"
4    android:versionCode="1"
5    android:versionName="1.0.0" >
6
7    <uses-sdk
8        android:minSdkVersion="16"
9        android:targetSdkVersion="28" />
10    <!--
11         Flutter needs it to communicate with the running application
12         to allow setting breakpoints, to provide hot reload, etc.
13    -->
14    <uses-permission android:name="android.permission.INTERNET" />
14-->src/main/AndroidManifest.xml:6:5-66
14-->src/main/AndroidManifest.xml:6:22-64
15    <uses-permission android:name="android.permission.CAMERA" />
15-->src/main/AndroidManifest.xml:3:5-65
15-->src/main/AndroidManifest.xml:3:22-62
16    <uses-permission android:name="android.permission.READ_EXTERNAL_STORAGE" />
16-->[:image_picker] AndroidManifest.xml:7:5-80
16-->[:image_picker] AndroidManifest.xml:7:22-77
17    <uses-permission android:name="android.permission.WRITE_EXTERNAL_STORAGE" />
17-->[:image_picker] AndroidManifest.xml:8:5-81
17-->[:image_picker] AndroidManifest.xml:8:22-78
18    <uses-permission android:name="android.permission.ACCESS_NETWORK_STATE" />
18-->[com.google.android.gms:play-services-measurement:17.2.0] AndroidManifest.xml:24:5-79
18-->[com.google.android.gms:play-services-measurement:17.2.0] AndroidManifest.xml:24:22-76
19    <uses-permission android:name="android.permission.WAKE_LOCK" />
19-->[com.google.android.gms:play-services-measurement:17.2.0] AndroidManifest.xml:25:5-68
19-->[com.google.android.gms:play-services-measurement:17.2.0] AndroidManifest.xml:25:22-65
20    <uses-permission android:name="com.google.android.finsky.permission.BIND_GET_INSTALL_REFERRER_SERVICE" /> <!-- Required by older versions of Google Play services to create IID tokens -->
20-->[com.google.android.gms:play-services-measurement:17.2.0] AndroidManifest.xml:26:5-110
20-->[com.google.android.gms:play-services-measurement:17.2.0] AndroidManifest.xml:26:22-107
21    <uses-permission android:name="com.google.android.c2dm.permission.RECEIVE" />
21-->[com.google.firebase:firebase-iid:19.0.0] AndroidManifest.xml:26:5-82
21-->[com.google.firebase:firebase-iid:19.0.0] AndroidManifest.xml:26:22-79
22    <!--
23 io.flutter.app.FlutterApplication is an android.app.Application that
24         calls FlutterMain.startInitialization(this); in its onCreate method.
25         In most cases you can leave this as-is, but you if you want to provide
26         additional functionality it is fine to subclass or reimplement
27         FlutterApplication and put your custom class here.
28    -->
29    <application
29-->src/main/AndroidManifest.xml:12:5-36:19
30        android:name="io.flutter.app.FlutterApplication"
30-->src/main/AndroidManifest.xml:13:9-57
31        android:appComponentFactory="androidx.core.app.CoreComponentFactory"
31-->[androidx.core:core:1.0.2] AndroidManifest.xml:22:18-86
32        android:debuggable="true"
33        android:icon="@mipmap/ic_launcher"
33-->src/main/AndroidManifest.xml:15:9-43
34        android:label="student_market_app" >
34-->src/main/AndroidManifest.xml:14:9-43
35        <activity android:name="com.apptreesoftware.barcodescan.BarcodeScannerActivity" />
35-->src/main/AndroidManifest.xml:16:9-90
35-->src/main/AndroidManifest.xml:16:19-88
36        <activity
36-->src/main/AndroidManifest.xml:17:9-35:20
37            android:name="com.example.student_market_app.MainActivity"
37-->src/main/AndroidManifest.xml:18:13-41
38            android:configChanges="orientation|keyboardHidden|keyboard|screenSize|locale|layoutDirection|fontScale|screenLayout|density|uiMode"
38-->src/main/AndroidManifest.xml:21:13-144
39            android:hardwareAccelerated="true"
39-->src/main/AndroidManifest.xml:22:13-47
40            android:launchMode="singleTop"
40-->src/main/AndroidManifest.xml:19:13-43
41            android:theme="@style/LaunchTheme"
41-->src/main/AndroidManifest.xml:20:13-47
42            android:windowSoftInputMode="adjustResize" >
42-->src/main/AndroidManifest.xml:23:13-55
43
44            <!--
45                 This keeps the window background of the activity showing
46                 until Flutter renders its first frame. It can be removed if
47                 there is no splash screen (such as the default splash screen
48                 defined in @style/LaunchTheme).
49            -->
50            <meta-data
50-->src/main/AndroidManifest.xml:28:13-30:40
51                android:name="io.flutter.app.android.SplashScreenUntilFirstFrame"
51-->src/main/AndroidManifest.xml:29:17-82
52                android:value="true" />
52-->src/main/AndroidManifest.xml:30:17-37
53
54            <intent-filter>
54-->src/main/AndroidManifest.xml:31:13-34:29
55                <action android:name="android.intent.action.MAIN" />
55-->src/main/AndroidManifest.xml:32:17-68
55-->src/main/AndroidManifest.xml:32:25-66
56
57                <category android:name="android.intent.category.LAUNCHER" />
57-->src/main/AndroidManifest.xml:33:17-76
57-->src/main/AndroidManifest.xml:33:27-74
58            </intent-filter>
59        </activity>
60
61        <service
61-->[:firebase_auth] AndroidManifest.xml:8:9-12:19
62            android:name="com.google.firebase.components.ComponentDiscoveryService"
62-->[:firebase_auth] AndroidManifest.xml:8:18-89
63            android:directBootAware="true"
63-->[com.google.firebase:firebase-common:19.3.0] AndroidManifest.xml:34:13-43
64            android:exported="false" >
64-->[com.google.android.gms:play-services-measurement-api:17.2.0] AndroidManifest.xml:29:13-37
65            <meta-data
65-->[:firebase_auth] AndroidManifest.xml:9:13-11:85
66                android:name="com.google.firebase.components:io.flutter.plugins.firebaseauth.FlutterFirebaseAppRegistrar"
66-->[:firebase_auth] AndroidManifest.xml:10:17-122
67                android:value="com.google.firebase.components.ComponentRegistrar" />
67-->[:firebase_auth] AndroidManifest.xml:11:17-82
68            <meta-data
68-->[:cloud_firestore] AndroidManifest.xml:9:13-11:85
69                android:name="com.google.firebase.components:io.flutter.plugins.firebase.cloudfirestore.FlutterFirebaseAppRegistrar"
69-->[:cloud_firestore] AndroidManifest.xml:10:17-133
70                android:value="com.google.firebase.components.ComponentRegistrar" />
70-->[:cloud_firestore] AndroidManifest.xml:11:17-82
71            <meta-data
71-->[:firebase_core] AndroidManifest.xml:9:13-11:85
72                android:name="com.google.firebase.components:io.flutter.plugins.firebase.core.FlutterFirebaseAppRegistrar"
72-->[:firebase_core] AndroidManifest.xml:10:17-123
73                android:value="com.google.firebase.components.ComponentRegistrar" />
73-->[:firebase_core] AndroidManifest.xml:11:17-82
74            <meta-data
74-->[com.google.android.gms:play-services-measurement-api:17.2.0] AndroidManifest.xml:30:13-32:85
75                android:name="com.google.firebase.components:com.google.firebase.analytics.connector.internal.AnalyticsConnectorRegistrar"
75-->[com.google.android.gms:play-services-measurement-api:17.2.0] AndroidManifest.xml:31:17-139
76                android:value="com.google.firebase.components.ComponentRegistrar" />
76-->[com.google.android.gms:play-services-measurement-api:17.2.0] AndroidManifest.xml:32:17-82
77            <meta-data
77-->[com.google.firebase:firebase-auth:17.0.0] AndroidManifest.xml:36:13-38:85
78                android:name="com.google.firebase.components:com.google.firebase.auth.FirebaseAuthRegistrar"
78-->[com.google.firebase:firebase-auth:17.0.0] AndroidManifest.xml:37:17-109
79                android:value="com.google.firebase.components.ComponentRegistrar" />
79-->[com.google.firebase:firebase-auth:17.0.0] AndroidManifest.xml:38:17-82
80            <meta-data
80-->[com.google.firebase:firebase-firestore:21.3.0] AndroidManifest.xml:20:13-22:85
81                android:name="com.google.firebase.components:com.google.firebase.firestore.FirestoreRegistrar"
81-->[com.google.firebase:firebase-firestore:21.3.0] AndroidManifest.xml:21:17-111
82                android:value="com.google.firebase.components.ComponentRegistrar" />
82-->[com.google.firebase:firebase-firestore:21.3.0] AndroidManifest.xml:22:17-82
83            <meta-data
83-->[com.google.firebase:firebase-iid:19.0.0] AndroidManifest.xml:32:13-34:85
84                android:name="com.google.firebase.components:com.google.firebase.iid.Registrar"
84-->[com.google.firebase:firebase-iid:19.0.0] AndroidManifest.xml:33:17-96
85                android:value="com.google.firebase.components.ComponentRegistrar" />
85-->[com.google.firebase:firebase-iid:19.0.0] AndroidManifest.xml:34:17-82
86        </service>
87
88        <provider
88-->[:image_picker] AndroidManifest.xml:11:9-19:20
89            android:name="io.flutter.plugins.imagepicker.ImagePickerFileProvider"
89-->[:image_picker] AndroidManifest.xml:12:13-82
90            android:authorities="com.example.student_market_app.flutter.image_provider"
90-->[:image_picker] AndroidManifest.xml:13:13-74
91            android:exported="false"
91-->[:image_picker] AndroidManifest.xml:14:13-37
92            android:grantUriPermissions="true" >
92-->[:image_picker] AndroidManifest.xml:15:13-47
93            <meta-data
93-->[:image_picker] AndroidManifest.xml:16:13-18:75
94                android:name="android.support.FILE_PROVIDER_PATHS"
94-->[:image_picker] AndroidManifest.xml:17:17-67
95                android:resource="@xml/flutter_image_picker_file_paths" />
95-->[:image_picker] AndroidManifest.xml:18:17-72
96        </provider>
97
98        <receiver
98-->[com.google.android.gms:play-services-measurement:17.2.0] AndroidManifest.xml:29:9-33:20
99            android:name="com.google.android.gms.measurement.AppMeasurementReceiver"
99-->[com.google.android.gms:play-services-measurement:17.2.0] AndroidManifest.xml:30:13-85
100            android:enabled="true"
100-->[com.google.android.gms:play-services-measurement:17.2.0] AndroidManifest.xml:31:13-35
101            android:exported="false" >
101-->[com.google.android.gms:play-services-measurement:17.2.0] AndroidManifest.xml:32:13-37
102        </receiver>
103        <receiver
103-->[com.google.android.gms:play-services-measurement:17.2.0] AndroidManifest.xml:34:9-42:20
104            android:name="com.google.android.gms.measurement.AppMeasurementInstallReferrerReceiver"
104-->[com.google.android.gms:play-services-measurement:17.2.0] AndroidManifest.xml:35:13-100
105            android:enabled="true"
105-->[com.google.android.gms:play-services-measurement:17.2.0] AndroidManifest.xml:36:13-35
106            android:exported="true"
106-->[com.google.android.gms:play-services-measurement:17.2.0] AndroidManifest.xml:37:13-36
107            android:permission="android.permission.INSTALL_PACKAGES" >
107-->[com.google.android.gms:play-services-measurement:17.2.0] AndroidManifest.xml:38:13-69
108            <intent-filter>
108-->[com.google.android.gms:play-services-measurement:17.2.0] AndroidManifest.xml:39:13-41:29
109                <action android:name="com.android.vending.INSTALL_REFERRER" />
109-->[com.google.android.gms:play-services-measurement:17.2.0] AndroidManifest.xml:40:17-79
109-->[com.google.android.gms:play-services-measurement:17.2.0] AndroidManifest.xml:40:25-76
110            </intent-filter>
111        </receiver>
112
113        <service
113-->[com.google.android.gms:play-services-measurement:17.2.0] AndroidManifest.xml:44:9-47:40
114            android:name="com.google.android.gms.measurement.AppMeasurementService"
114-->[com.google.android.gms:play-services-measurement:17.2.0] AndroidManifest.xml:45:13-84
115            android:enabled="true"
115-->[com.google.android.gms:play-services-measurement:17.2.0] AndroidManifest.xml:46:13-35
116            android:exported="false" />
116-->[com.google.android.gms:play-services-measurement:17.2.0] AndroidManifest.xml:47:13-37
117        <service
117-->[com.google.android.gms:play-services-measurement:17.2.0] AndroidManifest.xml:48:9-52:72
118            android:name="com.google.android.gms.measurement.AppMeasurementJobService"
118-->[com.google.android.gms:play-services-measurement:17.2.0] AndroidManifest.xml:49:13-87
119            android:enabled="true"
119-->[com.google.android.gms:play-services-measurement:17.2.0] AndroidManifest.xml:50:13-35
120            android:exported="false"
120-->[com.google.android.gms:play-services-measurement:17.2.0] AndroidManifest.xml:51:13-37
121            android:permission="android.permission.BIND_JOB_SERVICE" />
121-->[com.google.android.gms:play-services-measurement:17.2.0] AndroidManifest.xml:52:13-69
122
123        <activity
123-->[com.google.firebase:firebase-auth:17.0.0] AndroidManifest.xml:24:9-31:50
124            android:name="com.google.firebase.auth.internal.FederatedSignInActivity"
124-->[com.google.firebase:firebase-auth:17.0.0] AndroidManifest.xml:25:13-85
125            android:excludeFromRecents="true"
125-->[com.google.firebase:firebase-auth:17.0.0] AndroidManifest.xml:26:13-46
126            android:exported="true"
126-->[com.google.firebase:firebase-auth:17.0.0] AndroidManifest.xml:27:13-36
127            android:launchMode="singleTask"
127-->[com.google.firebase:firebase-auth:17.0.0] AndroidManifest.xml:28:13-44
128            android:permission="com.google.firebase.auth.api.gms.permission.LAUNCH_FEDERATED_SIGN_IN"
128-->[com.google.firebase:firebase-auth:17.0.0] AndroidManifest.xml:29:13-102
129            android:theme="@android:style/Theme.Translucent.NoTitleBar" />
129-->[com.google.firebase:firebase-auth:17.0.0] AndroidManifest.xml:30:13-72
130
131        <receiver
131-->[com.google.firebase:firebase-iid:19.0.0] AndroidManifest.xml:37:9-44:20
132            android:name="com.google.firebase.iid.FirebaseInstanceIdReceiver"
132-->[com.google.firebase:firebase-iid:19.0.0] AndroidManifest.xml:38:13-78
133            android:exported="true"
133-->[com.google.firebase:firebase-iid:19.0.0] AndroidManifest.xml:39:13-36
134            android:permission="com.google.android.c2dm.permission.SEND" >
134-->[com.google.firebase:firebase-iid:19.0.0] AndroidManifest.xml:40:13-73
135            <intent-filter>
135-->[com.google.firebase:firebase-iid:19.0.0] AndroidManifest.xml:41:13-43:29
136                <action android:name="com.google.android.c2dm.intent.RECEIVE" />
136-->[com.google.firebase:firebase-iid:19.0.0] AndroidManifest.xml:42:17-81
136-->[com.google.firebase:firebase-iid:19.0.0] AndroidManifest.xml:42:25-78
137            </intent-filter>
138        </receiver>
139
140        <provider
140-->[com.google.firebase:firebase-common:19.3.0] AndroidManifest.xml:26:9-30:39
141            android:name="com.google.firebase.provider.FirebaseInitProvider"
141-->[com.google.firebase:firebase-common:19.3.0] AndroidManifest.xml:27:13-77
142            android:authorities="com.example.student_market_app.firebaseinitprovider"
142-->[com.google.firebase:firebase-common:19.3.0] AndroidManifest.xml:28:13-72
143            android:exported="false"
143-->[com.google.firebase:firebase-common:19.3.0] AndroidManifest.xml:29:13-37
144            android:initOrder="100" />
144-->[com.google.firebase:firebase-common:19.3.0] AndroidManifest.xml:30:13-36
145
146        <activity
146-->[com.google.android.gms:play-services-auth:16.0.1] AndroidManifest.xml:23:9-27:75
147            android:name="com.google.android.gms.auth.api.signin.internal.SignInHubActivity"
147-->[com.google.android.gms:play-services-auth:16.0.1] AndroidManifest.xml:24:13-93
148            android:excludeFromRecents="true"
148-->[com.google.android.gms:play-services-auth:16.0.1] AndroidManifest.xml:25:13-46
149            android:exported="false"
149-->[com.google.android.gms:play-services-auth:16.0.1] AndroidManifest.xml:26:13-37
150            android:theme="@android:style/Theme.Translucent.NoTitleBar" />
150-->[com.google.android.gms:play-services-auth:16.0.1] AndroidManifest.xml:27:13-72
151        <!--
152            Service handling Google Sign-In user revocation. For apps that do not integrate with
153            Google Sign-In, this service will never be started.
154        -->
155        <service
155-->[com.google.android.gms:play-services-auth:16.0.1] AndroidManifest.xml:33:9-36:110
156            android:name="com.google.android.gms.auth.api.signin.RevocationBoundService"
156-->[com.google.android.gms:play-services-auth:16.0.1] AndroidManifest.xml:34:13-89
157            android:exported="true"
157-->[com.google.android.gms:play-services-auth:16.0.1] AndroidManifest.xml:35:13-36
158            android:permission="com.google.android.gms.auth.api.signin.permission.REVOCATION_NOTIFICATION" />
158-->[com.google.android.gms:play-services-auth:16.0.1] AndroidManifest.xml:36:13-107
159
160        <activity
160-->[com.google.android.gms:play-services-base:17.0.0] AndroidManifest.xml:23:9-26:75
161            android:name="com.google.android.gms.common.api.GoogleApiActivity"
161-->[com.google.android.gms:play-services-base:17.0.0] AndroidManifest.xml:24:13-79
162            android:exported="false"
162-->[com.google.android.gms:play-services-base:17.0.0] AndroidManifest.xml:25:13-37
163            android:theme="@android:style/Theme.Translucent.NoTitleBar" />
163-->[com.google.android.gms:play-services-base:17.0.0] AndroidManifest.xml:26:13-72
164
165        <meta-data
165-->[com.google.android.gms:play-services-basement:17.0.0] AndroidManifest.xml:23:9-25:69
166            android:name="com.google.android.gms.version"
166-->[com.google.android.gms:play-services-basement:17.0.0] AndroidManifest.xml:24:13-58
167            android:value="@integer/google_play_services_version" />
167-->[com.google.android.gms:play-services-basement:17.0.0] AndroidManifest.xml:25:13-66
168    </application>
169
170</manifest>